Terminals unused in grammar

   R_ARROW
   NOT
   FOR
   DO
   T_ADD
   T_SUB
   T_MUL
   T_DIV
   T_MOD


State 36 conflicts: 1 shift/reduce


Grammar

    0 $accept: everything $end

    1 everything: statements

    2 statements: %empty
    3           | statements statement

    4 statement: exp SEMICOLON
    5          | PRINT BRK_OP exp_list BRK_CL SEMICOLON
    6          | BREAK SEMICOLON
    7          | CONTINUE SEMICOLON
    8          | BREAKPOINT SEMICOLON
    9          | RETURN exp SEMICOLON
   10          | ifelse_statement
   11          | while_statement
   12          | func_decl
   13          | import SEMICOLON
   14          | class_decl

   15 class_decl_inner: %empty
   16                 | class_decl_inner func_decl

   17 class_decl: CLASS LABEL BRK_C_OP class_decl_inner BRK_C_CL

   18 import: IMPORT STRING
   19       | IMPORT STRING AS LABEL
   20       | IMPORT STRING AS LABEL FROM STRING

   21 label_list: LABEL
   22           | label_list COMMA LABEL

   23 func_decl: FUNCTION LABEL BRK_OP BRK_CL BRK_C_OP statements BRK_C_CL
   24          | FUNCTION LABEL BRK_OP label_list BRK_CL BRK_C_OP statements BRK_C_CL

   25 term: INT
   26     | FLOAT
   27     | STRING
   28     | TRUE
   29     | FALSE
   30     | BRK_S_OP BRK_S_CL
   31     | BRK_S_OP exp_list BRK_S_CL
   32     | BRK_OP exp BRK_CL
   33     | term BRK_OP BRK_CL
   34     | term BRK_OP exp_list BRK_CL
   35     | dict
   36     | LABEL
   37     | term DOT LABEL
   38     | term BRK_S_OP exp BRK_S_CL
   39     | DOLLA BRK_OP label_list BRK_CL BRK_C_OP statements BRK_C_CL
   40     | DOLLA BRK_OP BRK_CL BRK_C_OP statements BRK_C_CL
   41     | DOLLA BRK_C_OP statements BRK_C_CL
   42     | DOLLA BRK_OP label_list BRK_CL DDOTS statement
   43     | DOLLA BRK_OP BRK_CL DDOTS statement
   44     | DOLLA DDOTS statement

   45 exp_multiplicative: term MUL term
   46                   | term DIV term
   47                   | term

   48 exp_additive: exp_multiplicative ADD exp_multiplicative
   49             | exp_multiplicative SUB exp_multiplicative
   50             | exp_multiplicative

   51 exp_relational: exp_additive LSS exp_additive
   52               | exp_additive GRT exp_additive
   53               | exp_additive LEQ exp_additive
   54               | exp_additive GEQ exp_additive
   55               | exp_additive EQL exp_additive
   56               | exp_additive NQL exp_additive
   57               | exp_additive

   58 exp_logical: exp_relational AND exp_relational
   59            | exp_relational OR exp_relational
   60            | exp_relational XOR exp_relational
   61            | exp_relational

   62 exp: exp_logical ASSIGN exp_logical
   63    | exp_logical

   64 dict_inner: STRING DDOTS exp
   65           | LABEL DDOTS exp
   66           | dict_inner COMMA STRING DDOTS exp
   67           | dict_inner COMMA LABEL DDOTS exp

   68 dict: BRK_C_OP BRK_C_CL
   69     | BRK_C_OP dict_inner BRK_C_CL

   70 exp_list: exp
   71         | exp_list COMMA exp

   72 ifelse_statement: if_statement ELSE BRK_C_OP statements BRK_C_CL
   73                 | if_statement

   74 if_statement: IF exp BRK_C_OP statements BRK_C_CL
   75             | IF exp DDOTS statement

   76 while_statement: WHILE exp BRK_C_OP statements BRK_C_CL


Terminals, with rules where they appear

$end (0) 0
error (256)
INT <value_i64> (258) 25
FLOAT <value_f64> (259) 26
STRING <value_string> (260) 18 19 20 27 64 66
LABEL <label> (261) 17 19 20 21 22 23 24 36 37 65 67
ADD (262) 48
SUB (263) 49
MUL (264) 45
DIV (265) 46
EQL (266) 55
NQL (267) 56
LSS (268) 51
GRT (269) 52
LEQ (270) 53
GEQ (271) 54
AND (272) 58
OR (273) 59
XOR (274) 60
ASSIGN (275) 62
BRK_OP (276) 5 23 24 32 33 34 39 40 42 43
BRK_CL (277) 5 23 24 32 33 34 39 40 42 43
R_ARROW (278)
COMMA (279) 22 66 67 71
BRK_C_OP (280) 17 23 24 39 40 41 68 69 72 74 76
BRK_C_CL (281) 17 23 24 39 40 41 68 69 72 74 76
SEMICOLON (282) 4 5 6 7 8 9 13
IMPORT (283) 18 19 20
FROM (284) 20
AS (285) 19 20
CLASS (286) 17
NOT (287)
FOR (288)
WHILE (289) 76
DO (290)
IF (291) 74 75
ELSE (292) 72
PRINT (293) 5
BREAK (294) 6
CONTINUE (295) 7
RETURN (296) 9
BRK_S_OP (297) 30 31 38
BRK_S_CL (298) 30 31 38
DOT (299) 37
DDOTS (300) 42 43 44 64 65 66 67 75
FUNCTION (301) 23 24
DOLLA (302) 39 40 41 42 43 44
TRUE (303) 28
FALSE (304) 29
BREAKPOINT (305) 8
T_ADD (306)
T_SUB (307)
T_MUL (308)
T_DIV (309)
T_MOD (310)


Nonterminals, with rules where they appear

$accept (56)
    on left: 0
everything (57)
    on left: 1, on right: 0
statements <node> (58)
    on left: 2 3, on right: 1 3 23 24 39 40 41 72 74 76
statement <node> (59)
    on left: 4 5 6 7 8 9 10 11 12 13 14, on right: 3 42 43 44 75
class_decl_inner <node> (60)
    on left: 15 16, on right: 16 17
class_decl <node> (61)
    on left: 17, on right: 14
import <node> (62)
    on left: 18 19 20, on right: 13
label_list <node> (63)
    on left: 21 22, on right: 22 24 39 42
func_decl <node> (64)
    on left: 23 24, on right: 12 16
term <node> (65)
    on left: 25 26 27 28 29 30 31 32 33 34 35 36 37 38 39 40 41 42
    43 44, on right: 33 34 37 38 45 46 47
exp_multiplicative <node> (66)
    on left: 45 46 47, on right: 48 49 50
exp_additive <node> (67)
    on left: 48 49 50, on right: 51 52 53 54 55 56 57
exp_relational <node> (68)
    on left: 51 52 53 54 55 56 57, on right: 58 59 60 61
exp_logical <node> (69)
    on left: 58 59 60 61, on right: 62 63
exp <node> (70)
    on left: 62 63, on right: 4 9 32 38 64 65 66 67 70 71 74 75 76
dict_inner <node> (71)
    on left: 64 65 66 67, on right: 66 67 69
dict <node> (72)
    on left: 68 69, on right: 35
exp_list <node> (73)
    on left: 70 71, on right: 5 31 34 71
ifelse_statement <node> (74)
    on left: 72 73, on right: 10
if_statement <node> (75)
    on left: 74 75, on right: 72 73
while_statement <node> (76)
    on left: 76, on right: 11


State 0

    0 $accept: . everything $end

    $default  reduce using rule 2 (statements)

    everything  go to state 1
    statements  go to state 2


State 1

    0 $accept: everything . $end

    $end  shift, and go to state 3


State 2

    1 everything: statements .
    3 statements: statements . statement

    INT         shift, and go to state 4
    FLOAT       shift, and go to state 5
    STRING      shift, and go to state 6
    LABEL       shift, and go to state 7
    BRK_OP      shift, and go to state 8
    BRK_C_OP    shift, and go to state 9
    IMPORT      shift, and go to state 10
    CLASS       shift, and go to state 11
    WHILE       shift, and go to state 12
    IF          shift, and go to state 13
    PRINT       shift, and go to state 14
    BREAK       shift, and go to state 15
    CONTINUE    shift, and go to state 16
    RETURN      shift, and go to state 17
    BRK_S_OP    shift, and go to state 18
    FUNCTION    shift, and go to state 19
    DOLLA       shift, and go to state 20
    TRUE        shift, and go to state 21
    FALSE       shift, and go to state 22
    BREAKPOINT  shift, and go to state 23

    $default  reduce using rule 1 (everything)

    statement           go to state 24
    class_decl          go to state 25
    import              go to state 26
    func_decl           go to state 27
    term                go to state 28
    exp_multiplicative  go to state 29
    exp_additive        go to state 30
    exp_relational      go to state 31
    exp_logical         go to state 32
    exp                 go to state 33
    dict                go to state 34
    ifelse_statement    go to state 35
    if_statement        go to state 36
    while_statement     go to state 37


State 3

    0 $accept: everything $end .

    $default  accept


State 4

   25 term: INT .

    $default  reduce using rule 25 (term)


State 5

   26 term: FLOAT .

    $default  reduce using rule 26 (term)


State 6

   27 term: STRING .

    $default  reduce using rule 27 (term)


State 7

   36 term: LABEL .

    $default  reduce using rule 36 (term)


State 8

   32 term: BRK_OP . exp BRK_CL

    INT       shift, and go to state 4
    FLOAT     shift, and go to state 5
    STRING    shift, and go to state 6
    LABEL     shift, and go to state 7
    BRK_OP    shift, and go to state 8
    BRK_C_OP  shift, and go to state 9
    BRK_S_OP  shift, and go to state 18
    DOLLA     shift, and go to state 20
    TRUE      shift, and go to state 21
    FALSE     shift, and go to state 22

    term                go to state 28
    exp_multiplicative  go to state 29
    exp_additive        go to state 30
    exp_relational      go to state 31
    exp_logical         go to state 32
    exp                 go to state 38
    dict                go to state 34


State 9

   68 dict: BRK_C_OP . BRK_C_CL
   69     | BRK_C_OP . dict_inner BRK_C_CL

    STRING    shift, and go to state 39
    LABEL     shift, and go to state 40
    BRK_C_CL  shift, and go to state 41

    dict_inner  go to state 42


State 10

   18 import: IMPORT . STRING
   19       | IMPORT . STRING AS LABEL
   20       | IMPORT . STRING AS LABEL FROM STRING

    STRING  shift, and go to state 43


State 11

   17 class_decl: CLASS . LABEL BRK_C_OP class_decl_inner BRK_C_CL

    LABEL  shift, and go to state 44


State 12

   76 while_statement: WHILE . exp BRK_C_OP statements BRK_C_CL

    INT       shift, and go to state 4
    FLOAT     shift, and go to state 5
    STRING    shift, and go to state 6
    LABEL     shift, and go to state 7
    BRK_OP    shift, and go to state 8
    BRK_C_OP  shift, and go to state 9
    BRK_S_OP  shift, and go to state 18
    DOLLA     shift, and go to state 20
    TRUE      shift, and go to state 21
    FALSE     shift, and go to state 22

    term                go to state 28
    exp_multiplicative  go to state 29
    exp_additive        go to state 30
    exp_relational      go to state 31
    exp_logical         go to state 32
    exp                 go to state 45
    dict                go to state 34


State 13

   74 if_statement: IF . exp BRK_C_OP statements BRK_C_CL
   75             | IF . exp DDOTS statement

    INT       shift, and go to state 4
    FLOAT     shift, and go to state 5
    STRING    shift, and go to state 6
    LABEL     shift, and go to state 7
    BRK_OP    shift, and go to state 8
    BRK_C_OP  shift, and go to state 9
    BRK_S_OP  shift, and go to state 18
    DOLLA     shift, and go to state 20
    TRUE      shift, and go to state 21
    FALSE     shift, and go to state 22

    term                go to state 28
    exp_multiplicative  go to state 29
    exp_additive        go to state 30
    exp_relational      go to state 31
    exp_logical         go to state 32
    exp                 go to state 46
    dict                go to state 34


State 14

    5 statement: PRINT . BRK_OP exp_list BRK_CL SEMICOLON

    BRK_OP  shift, and go to state 47


State 15

    6 statement: BREAK . SEMICOLON

    SEMICOLON  shift, and go to state 48


State 16

    7 statement: CONTINUE . SEMICOLON

    SEMICOLON  shift, and go to state 49


State 17

    9 statement: RETURN . exp SEMICOLON

    INT       shift, and go to state 4
    FLOAT     shift, and go to state 5
    STRING    shift, and go to state 6
    LABEL     shift, and go to state 7
    BRK_OP    shift, and go to state 8
    BRK_C_OP  shift, and go to state 9
    BRK_S_OP  shift, and go to state 18
    DOLLA     shift, and go to state 20
    TRUE      shift, and go to state 21
    FALSE     shift, and go to state 22

    term                go to state 28
    exp_multiplicative  go to state 29
    exp_additive        go to state 30
    exp_relational      go to state 31
    exp_logical         go to state 32
    exp                 go to state 50
    dict                go to state 34


State 18

   30 term: BRK_S_OP . BRK_S_CL
   31     | BRK_S_OP . exp_list BRK_S_CL

    INT       shift, and go to state 4
    FLOAT     shift, and go to state 5
    STRING    shift, and go to state 6
    LABEL     shift, and go to state 7
    BRK_OP    shift, and go to state 8
    BRK_C_OP  shift, and go to state 9
    BRK_S_OP  shift, and go to state 18
    BRK_S_CL  shift, and go to state 51
    DOLLA     shift, and go to state 20
    TRUE      shift, and go to state 21
    FALSE     shift, and go to state 22

    term                go to state 28
    exp_multiplicative  go to state 29
    exp_additive        go to state 30
    exp_relational      go to state 31
    exp_logical         go to state 32
    exp                 go to state 52
    dict                go to state 34
    exp_list            go to state 53


State 19

   23 func_decl: FUNCTION . LABEL BRK_OP BRK_CL BRK_C_OP statements BRK_C_CL
   24          | FUNCTION . LABEL BRK_OP label_list BRK_CL BRK_C_OP statements BRK_C_CL

    LABEL  shift, and go to state 54


State 20

   39 term: DOLLA . BRK_OP label_list BRK_CL BRK_C_OP statements BRK_C_CL
   40     | DOLLA . BRK_OP BRK_CL BRK_C_OP statements BRK_C_CL
   41     | DOLLA . BRK_C_OP statements BRK_C_CL
   42     | DOLLA . BRK_OP label_list BRK_CL DDOTS statement
   43     | DOLLA . BRK_OP BRK_CL DDOTS statement
   44     | DOLLA . DDOTS statement

    BRK_OP    shift, and go to state 55
    BRK_C_OP  shift, and go to state 56
    DDOTS     shift, and go to state 57


State 21

   28 term: TRUE .

    $default  reduce using rule 28 (term)


State 22

   29 term: FALSE .

    $default  reduce using rule 29 (term)


State 23

    8 statement: BREAKPOINT . SEMICOLON

    SEMICOLON  shift, and go to state 58


State 24

    3 statements: statements statement .

    $default  reduce using rule 3 (statements)


State 25

   14 statement: class_decl .

    $default  reduce using rule 14 (statement)


State 26

   13 statement: import . SEMICOLON

    SEMICOLON  shift, and go to state 59


State 27

   12 statement: func_decl .

    $default  reduce using rule 12 (statement)


State 28

   33 term: term . BRK_OP BRK_CL
   34     | term . BRK_OP exp_list BRK_CL
   37     | term . DOT LABEL
   38     | term . BRK_S_OP exp BRK_S_CL
   45 exp_multiplicative: term . MUL term
   46                   | term . DIV term
   47                   | term .

    MUL       shift, and go to state 60
    DIV       shift, and go to state 61
    BRK_OP    shift, and go to state 62
    BRK_S_OP  shift, and go to state 63
    DOT       shift, and go to state 64

    $default  reduce using rule 47 (exp_multiplicative)


State 29

   48 exp_additive: exp_multiplicative . ADD exp_multiplicative
   49             | exp_multiplicative . SUB exp_multiplicative
   50             | exp_multiplicative .

    ADD  shift, and go to state 65
    SUB  shift, and go to state 66

    $default  reduce using rule 50 (exp_additive)


State 30

   51 exp_relational: exp_additive . LSS exp_additive
   52               | exp_additive . GRT exp_additive
   53               | exp_additive . LEQ exp_additive
   54               | exp_additive . GEQ exp_additive
   55               | exp_additive . EQL exp_additive
   56               | exp_additive . NQL exp_additive
   57               | exp_additive .

    EQL  shift, and go to state 67
    NQL  shift, and go to state 68
    LSS  shift, and go to state 69
    GRT  shift, and go to state 70
    LEQ  shift, and go to state 71
    GEQ  shift, and go to state 72

    $default  reduce using rule 57 (exp_relational)


State 31

   58 exp_logical: exp_relational . AND exp_relational
   59            | exp_relational . OR exp_relational
   60            | exp_relational . XOR exp_relational
   61            | exp_relational .

    AND  shift, and go to state 73
    OR   shift, and go to state 74
    XOR  shift, and go to state 75

    $default  reduce using rule 61 (exp_logical)


State 32

   62 exp: exp_logical . ASSIGN exp_logical
   63    | exp_logical .

    ASSIGN  shift, and go to state 76

    $default  reduce using rule 63 (exp)


State 33

    4 statement: exp . SEMICOLON

    SEMICOLON  shift, and go to state 77


State 34

   35 term: dict .

    $default  reduce using rule 35 (term)


State 35

   10 statement: ifelse_statement .

    $default  reduce using rule 10 (statement)


State 36

   72 ifelse_statement: if_statement . ELSE BRK_C_OP statements BRK_C_CL
   73                 | if_statement .

    ELSE  shift, and go to state 78

    ELSE      [reduce using rule 73 (ifelse_statement)]
    $default  reduce using rule 73 (ifelse_statement)


State 37

   11 statement: while_statement .

    $default  reduce using rule 11 (statement)


State 38

   32 term: BRK_OP exp . BRK_CL

    BRK_CL  shift, and go to state 79


State 39

   64 dict_inner: STRING . DDOTS exp

    DDOTS  shift, and go to state 80


State 40

   65 dict_inner: LABEL . DDOTS exp

    DDOTS  shift, and go to state 81


State 41

   68 dict: BRK_C_OP BRK_C_CL .

    $default  reduce using rule 68 (dict)


State 42

   66 dict_inner: dict_inner . COMMA STRING DDOTS exp
   67           | dict_inner . COMMA LABEL DDOTS exp
   69 dict: BRK_C_OP dict_inner . BRK_C_CL

    COMMA     shift, and go to state 82
    BRK_C_CL  shift, and go to state 83


State 43

   18 import: IMPORT STRING .
   19       | IMPORT STRING . AS LABEL
   20       | IMPORT STRING . AS LABEL FROM STRING

    AS  shift, and go to state 84

    $default  reduce using rule 18 (import)


State 44

   17 class_decl: CLASS LABEL . BRK_C_OP class_decl_inner BRK_C_CL

    BRK_C_OP  shift, and go to state 85


State 45

   76 while_statement: WHILE exp . BRK_C_OP statements BRK_C_CL

    BRK_C_OP  shift, and go to state 86


State 46

   74 if_statement: IF exp . BRK_C_OP statements BRK_C_CL
   75             | IF exp . DDOTS statement

    BRK_C_OP  shift, and go to state 87
    DDOTS     shift, and go to state 88


State 47

    5 statement: PRINT BRK_OP . exp_list BRK_CL SEMICOLON

    INT       shift, and go to state 4
    FLOAT     shift, and go to state 5
    STRING    shift, and go to state 6
    LABEL     shift, and go to state 7
    BRK_OP    shift, and go to state 8
    BRK_C_OP  shift, and go to state 9
    BRK_S_OP  shift, and go to state 18
    DOLLA     shift, and go to state 20
    TRUE      shift, and go to state 21
    FALSE     shift, and go to state 22

    term                go to state 28
    exp_multiplicative  go to state 29
    exp_additive        go to state 30
    exp_relational      go to state 31
    exp_logical         go to state 32
    exp                 go to state 52
    dict                go to state 34
    exp_list            go to state 89


State 48

    6 statement: BREAK SEMICOLON .

    $default  reduce using rule 6 (statement)


State 49

    7 statement: CONTINUE SEMICOLON .

    $default  reduce using rule 7 (statement)


State 50

    9 statement: RETURN exp . SEMICOLON

    SEMICOLON  shift, and go to state 90


State 51

   30 term: BRK_S_OP BRK_S_CL .

    $default  reduce using rule 30 (term)


State 52

   70 exp_list: exp .

    $default  reduce using rule 70 (exp_list)


State 53

   31 term: BRK_S_OP exp_list . BRK_S_CL
   71 exp_list: exp_list . COMMA exp

    COMMA     shift, and go to state 91
    BRK_S_CL  shift, and go to state 92


State 54

   23 func_decl: FUNCTION LABEL . BRK_OP BRK_CL BRK_C_OP statements BRK_C_CL
   24          | FUNCTION LABEL . BRK_OP label_list BRK_CL BRK_C_OP statements BRK_C_CL

    BRK_OP  shift, and go to state 93


State 55

   39 term: DOLLA BRK_OP . label_list BRK_CL BRK_C_OP statements BRK_C_CL
   40     | DOLLA BRK_OP . BRK_CL BRK_C_OP statements BRK_C_CL
   42     | DOLLA BRK_OP . label_list BRK_CL DDOTS statement
   43     | DOLLA BRK_OP . BRK_CL DDOTS statement

    LABEL   shift, and go to state 94
    BRK_CL  shift, and go to state 95

    label_list  go to state 96


State 56

   41 term: DOLLA BRK_C_OP . statements BRK_C_CL

    $default  reduce using rule 2 (statements)

    statements  go to state 97


State 57

   44 term: DOLLA DDOTS . statement

    INT         shift, and go to state 4
    FLOAT       shift, and go to state 5
    STRING      shift, and go to state 6
    LABEL       shift, and go to state 7
    BRK_OP      shift, and go to state 8
    BRK_C_OP    shift, and go to state 9
    IMPORT      shift, and go to state 10
    CLASS       shift, and go to state 11
    WHILE       shift, and go to state 12
    IF          shift, and go to state 13
    PRINT       shift, and go to state 14
    BREAK       shift, and go to state 15
    CONTINUE    shift, and go to state 16
    RETURN      shift, and go to state 17
    BRK_S_OP    shift, and go to state 18
    FUNCTION    shift, and go to state 19
    DOLLA       shift, and go to state 20
    TRUE        shift, and go to state 21
    FALSE       shift, and go to state 22
    BREAKPOINT  shift, and go to state 23

    statement           go to state 98
    class_decl          go to state 25
    import              go to state 26
    func_decl           go to state 27
    term                go to state 28
    exp_multiplicative  go to state 29
    exp_additive        go to state 30
    exp_relational      go to state 31
    exp_logical         go to state 32
    exp                 go to state 33
    dict                go to state 34
    ifelse_statement    go to state 35
    if_statement        go to state 36
    while_statement     go to state 37


State 58

    8 statement: BREAKPOINT SEMICOLON .

    $default  reduce using rule 8 (statement)


State 59

   13 statement: import SEMICOLON .

    $default  reduce using rule 13 (statement)


State 60

   45 exp_multiplicative: term MUL . term

    INT       shift, and go to state 4
    FLOAT     shift, and go to state 5
    STRING    shift, and go to state 6
    LABEL     shift, and go to state 7
    BRK_OP    shift, and go to state 8
    BRK_C_OP  shift, and go to state 9
    BRK_S_OP  shift, and go to state 18
    DOLLA     shift, and go to state 20
    TRUE      shift, and go to state 21
    FALSE     shift, and go to state 22

    term  go to state 99
    dict  go to state 34


State 61

   46 exp_multiplicative: term DIV . term

    INT       shift, and go to state 4
    FLOAT     shift, and go to state 5
    STRING    shift, and go to state 6
    LABEL     shift, and go to state 7
    BRK_OP    shift, and go to state 8
    BRK_C_OP  shift, and go to state 9
    BRK_S_OP  shift, and go to state 18
    DOLLA     shift, and go to state 20
    TRUE      shift, and go to state 21
    FALSE     shift, and go to state 22

    term  go to state 100
    dict  go to state 34


State 62

   33 term: term BRK_OP . BRK_CL
   34     | term BRK_OP . exp_list BRK_CL

    INT       shift, and go to state 4
    FLOAT     shift, and go to state 5
    STRING    shift, and go to state 6
    LABEL     shift, and go to state 7
    BRK_OP    shift, and go to state 8
    BRK_CL    shift, and go to state 101
    BRK_C_OP  shift, and go to state 9
    BRK_S_OP  shift, and go to state 18
    DOLLA     shift, and go to state 20
    TRUE      shift, and go to state 21
    FALSE     shift, and go to state 22

    term                go to state 28
    exp_multiplicative  go to state 29
    exp_additive        go to state 30
    exp_relational      go to state 31
    exp_logical         go to state 32
    exp                 go to state 52
    dict                go to state 34
    exp_list            go to state 102


State 63

   38 term: term BRK_S_OP . exp BRK_S_CL

    INT       shift, and go to state 4
    FLOAT     shift, and go to state 5
    STRING    shift, and go to state 6
    LABEL     shift, and go to state 7
    BRK_OP    shift, and go to state 8
    BRK_C_OP  shift, and go to state 9
    BRK_S_OP  shift, and go to state 18
    DOLLA     shift, and go to state 20
    TRUE      shift, and go to state 21
    FALSE     shift, and go to state 22

    term                go to state 28
    exp_multiplicative  go to state 29
    exp_additive        go to state 30
    exp_relational      go to state 31
    exp_logical         go to state 32
    exp                 go to state 103
    dict                go to state 34


State 64

   37 term: term DOT . LABEL

    LABEL  shift, and go to state 104


State 65

   48 exp_additive: exp_multiplicative ADD . exp_multiplicative

    INT       shift, and go to state 4
    FLOAT     shift, and go to state 5
    STRING    shift, and go to state 6
    LABEL     shift, and go to state 7
    BRK_OP    shift, and go to state 8
    BRK_C_OP  shift, and go to state 9
    BRK_S_OP  shift, and go to state 18
    DOLLA     shift, and go to state 20
    TRUE      shift, and go to state 21
    FALSE     shift, and go to state 22

    term                go to state 28
    exp_multiplicative  go to state 105
    dict                go to state 34


State 66

   49 exp_additive: exp_multiplicative SUB . exp_multiplicative

    INT       shift, and go to state 4
    FLOAT     shift, and go to state 5
    STRING    shift, and go to state 6
    LABEL     shift, and go to state 7
    BRK_OP    shift, and go to state 8
    BRK_C_OP  shift, and go to state 9
    BRK_S_OP  shift, and go to state 18
    DOLLA     shift, and go to state 20
    TRUE      shift, and go to state 21
    FALSE     shift, and go to state 22

    term                go to state 28
    exp_multiplicative  go to state 106
    dict                go to state 34


State 67

   55 exp_relational: exp_additive EQL . exp_additive

    INT       shift, and go to state 4
    FLOAT     shift, and go to state 5
    STRING    shift, and go to state 6
    LABEL     shift, and go to state 7
    BRK_OP    shift, and go to state 8
    BRK_C_OP  shift, and go to state 9
    BRK_S_OP  shift, and go to state 18
    DOLLA     shift, and go to state 20
    TRUE      shift, and go to state 21
    FALSE     shift, and go to state 22

    term                go to state 28
    exp_multiplicative  go to state 29
    exp_additive        go to state 107
    dict                go to state 34


State 68

   56 exp_relational: exp_additive NQL . exp_additive

    INT       shift, and go to state 4
    FLOAT     shift, and go to state 5
    STRING    shift, and go to state 6
    LABEL     shift, and go to state 7
    BRK_OP    shift, and go to state 8
    BRK_C_OP  shift, and go to state 9
    BRK_S_OP  shift, and go to state 18
    DOLLA     shift, and go to state 20
    TRUE      shift, and go to state 21
    FALSE     shift, and go to state 22

    term                go to state 28
    exp_multiplicative  go to state 29
    exp_additive        go to state 108
    dict                go to state 34


State 69

   51 exp_relational: exp_additive LSS . exp_additive

    INT       shift, and go to state 4
    FLOAT     shift, and go to state 5
    STRING    shift, and go to state 6
    LABEL     shift, and go to state 7
    BRK_OP    shift, and go to state 8
    BRK_C_OP  shift, and go to state 9
    BRK_S_OP  shift, and go to state 18
    DOLLA     shift, and go to state 20
    TRUE      shift, and go to state 21
    FALSE     shift, and go to state 22

    term                go to state 28
    exp_multiplicative  go to state 29
    exp_additive        go to state 109
    dict                go to state 34


State 70

   52 exp_relational: exp_additive GRT . exp_additive

    INT       shift, and go to state 4
    FLOAT     shift, and go to state 5
    STRING    shift, and go to state 6
    LABEL     shift, and go to state 7
    BRK_OP    shift, and go to state 8
    BRK_C_OP  shift, and go to state 9
    BRK_S_OP  shift, and go to state 18
    DOLLA     shift, and go to state 20
    TRUE      shift, and go to state 21
    FALSE     shift, and go to state 22

    term                go to state 28
    exp_multiplicative  go to state 29
    exp_additive        go to state 110
    dict                go to state 34


State 71

   53 exp_relational: exp_additive LEQ . exp_additive

    INT       shift, and go to state 4
    FLOAT     shift, and go to state 5
    STRING    shift, and go to state 6
    LABEL     shift, and go to state 7
    BRK_OP    shift, and go to state 8
    BRK_C_OP  shift, and go to state 9
    BRK_S_OP  shift, and go to state 18
    DOLLA     shift, and go to state 20
    TRUE      shift, and go to state 21
    FALSE     shift, and go to state 22

    term                go to state 28
    exp_multiplicative  go to state 29
    exp_additive        go to state 111
    dict                go to state 34


State 72

   54 exp_relational: exp_additive GEQ . exp_additive

    INT       shift, and go to state 4
    FLOAT     shift, and go to state 5
    STRING    shift, and go to state 6
    LABEL     shift, and go to state 7
    BRK_OP    shift, and go to state 8
    BRK_C_OP  shift, and go to state 9
    BRK_S_OP  shift, and go to state 18
    DOLLA     shift, and go to state 20
    TRUE      shift, and go to state 21
    FALSE     shift, and go to state 22

    term                go to state 28
    exp_multiplicative  go to state 29
    exp_additive        go to state 112
    dict                go to state 34


State 73

   58 exp_logical: exp_relational AND . exp_relational

    INT       shift, and go to state 4
    FLOAT     shift, and go to state 5
    STRING    shift, and go to state 6
    LABEL     shift, and go to state 7
    BRK_OP    shift, and go to state 8
    BRK_C_OP  shift, and go to state 9
    BRK_S_OP  shift, and go to state 18
    DOLLA     shift, and go to state 20
    TRUE      shift, and go to state 21
    FALSE     shift, and go to state 22

    term                go to state 28
    exp_multiplicative  go to state 29
    exp_additive        go to state 30
    exp_relational      go to state 113
    dict                go to state 34


State 74

   59 exp_logical: exp_relational OR . exp_relational

    INT       shift, and go to state 4
    FLOAT     shift, and go to state 5
    STRING    shift, and go to state 6
    LABEL     shift, and go to state 7
    BRK_OP    shift, and go to state 8
    BRK_C_OP  shift, and go to state 9
    BRK_S_OP  shift, and go to state 18
    DOLLA     shift, and go to state 20
    TRUE      shift, and go to state 21
    FALSE     shift, and go to state 22

    term                go to state 28
    exp_multiplicative  go to state 29
    exp_additive        go to state 30
    exp_relational      go to state 114
    dict                go to state 34


State 75

   60 exp_logical: exp_relational XOR . exp_relational

    INT       shift, and go to state 4
    FLOAT     shift, and go to state 5
    STRING    shift, and go to state 6
    LABEL     shift, and go to state 7
    BRK_OP    shift, and go to state 8
    BRK_C_OP  shift, and go to state 9
    BRK_S_OP  shift, and go to state 18
    DOLLA     shift, and go to state 20
    TRUE      shift, and go to state 21
    FALSE     shift, and go to state 22

    term                go to state 28
    exp_multiplicative  go to state 29
    exp_additive        go to state 30
    exp_relational      go to state 115
    dict                go to state 34


State 76

   62 exp: exp_logical ASSIGN . exp_logical

    INT       shift, and go to state 4
    FLOAT     shift, and go to state 5
    STRING    shift, and go to state 6
    LABEL     shift, and go to state 7
    BRK_OP    shift, and go to state 8
    BRK_C_OP  shift, and go to state 9
    BRK_S_OP  shift, and go to state 18
    DOLLA     shift, and go to state 20
    TRUE      shift, and go to state 21
    FALSE     shift, and go to state 22

    term                go to state 28
    exp_multiplicative  go to state 29
    exp_additive        go to state 30
    exp_relational      go to state 31
    exp_logical         go to state 116
    dict                go to state 34


State 77

    4 statement: exp SEMICOLON .

    $default  reduce using rule 4 (statement)


State 78

   72 ifelse_statement: if_statement ELSE . BRK_C_OP statements BRK_C_CL

    BRK_C_OP  shift, and go to state 117


State 79

   32 term: BRK_OP exp BRK_CL .

    $default  reduce using rule 32 (term)


State 80

   64 dict_inner: STRING DDOTS . exp

    INT       shift, and go to state 4
    FLOAT     shift, and go to state 5
    STRING    shift, and go to state 6
    LABEL     shift, and go to state 7
    BRK_OP    shift, and go to state 8
    BRK_C_OP  shift, and go to state 9
    BRK_S_OP  shift, and go to state 18
    DOLLA     shift, and go to state 20
    TRUE      shift, and go to state 21
    FALSE     shift, and go to state 22

    term                go to state 28
    exp_multiplicative  go to state 29
    exp_additive        go to state 30
    exp_relational      go to state 31
    exp_logical         go to state 32
    exp                 go to state 118
    dict                go to state 34


State 81

   65 dict_inner: LABEL DDOTS . exp

    INT       shift, and go to state 4
    FLOAT     shift, and go to state 5
    STRING    shift, and go to state 6
    LABEL     shift, and go to state 7
    BRK_OP    shift, and go to state 8
    BRK_C_OP  shift, and go to state 9
    BRK_S_OP  shift, and go to state 18
    DOLLA     shift, and go to state 20
    TRUE      shift, and go to state 21
    FALSE     shift, and go to state 22

    term                go to state 28
    exp_multiplicative  go to state 29
    exp_additive        go to state 30
    exp_relational      go to state 31
    exp_logical         go to state 32
    exp                 go to state 119
    dict                go to state 34


State 82

   66 dict_inner: dict_inner COMMA . STRING DDOTS exp
   67           | dict_inner COMMA . LABEL DDOTS exp

    STRING  shift, and go to state 120
    LABEL   shift, and go to state 121


State 83

   69 dict: BRK_C_OP dict_inner BRK_C_CL .

    $default  reduce using rule 69 (dict)


State 84

   19 import: IMPORT STRING AS . LABEL
   20       | IMPORT STRING AS . LABEL FROM STRING

    LABEL  shift, and go to state 122


State 85

   17 class_decl: CLASS LABEL BRK_C_OP . class_decl_inner BRK_C_CL

    $default  reduce using rule 15 (class_decl_inner)

    class_decl_inner  go to state 123


State 86

   76 while_statement: WHILE exp BRK_C_OP . statements BRK_C_CL

    $default  reduce using rule 2 (statements)

    statements  go to state 124


State 87

   74 if_statement: IF exp BRK_C_OP . statements BRK_C_CL

    $default  reduce using rule 2 (statements)

    statements  go to state 125


State 88

   75 if_statement: IF exp DDOTS . statement

    INT         shift, and go to state 4
    FLOAT       shift, and go to state 5
    STRING      shift, and go to state 6
    LABEL       shift, and go to state 7
    BRK_OP      shift, and go to state 8
    BRK_C_OP    shift, and go to state 9
    IMPORT      shift, and go to state 10
    CLASS       shift, and go to state 11
    WHILE       shift, and go to state 12
    IF          shift, and go to state 13
    PRINT       shift, and go to state 14
    BREAK       shift, and go to state 15
    CONTINUE    shift, and go to state 16
    RETURN      shift, and go to state 17
    BRK_S_OP    shift, and go to state 18
    FUNCTION    shift, and go to state 19
    DOLLA       shift, and go to state 20
    TRUE        shift, and go to state 21
    FALSE       shift, and go to state 22
    BREAKPOINT  shift, and go to state 23

    statement           go to state 126
    class_decl          go to state 25
    import              go to state 26
    func_decl           go to state 27
    term                go to state 28
    exp_multiplicative  go to state 29
    exp_additive        go to state 30
    exp_relational      go to state 31
    exp_logical         go to state 32
    exp                 go to state 33
    dict                go to state 34
    ifelse_statement    go to state 35
    if_statement        go to state 36
    while_statement     go to state 37


State 89

    5 statement: PRINT BRK_OP exp_list . BRK_CL SEMICOLON
   71 exp_list: exp_list . COMMA exp

    BRK_CL  shift, and go to state 127
    COMMA   shift, and go to state 91


State 90

    9 statement: RETURN exp SEMICOLON .

    $default  reduce using rule 9 (statement)


State 91

   71 exp_list: exp_list COMMA . exp

    INT       shift, and go to state 4
    FLOAT     shift, and go to state 5
    STRING    shift, and go to state 6
    LABEL     shift, and go to state 7
    BRK_OP    shift, and go to state 8
    BRK_C_OP  shift, and go to state 9
    BRK_S_OP  shift, and go to state 18
    DOLLA     shift, and go to state 20
    TRUE      shift, and go to state 21
    FALSE     shift, and go to state 22

    term                go to state 28
    exp_multiplicative  go to state 29
    exp_additive        go to state 30
    exp_relational      go to state 31
    exp_logical         go to state 32
    exp                 go to state 128
    dict                go to state 34


State 92

   31 term: BRK_S_OP exp_list BRK_S_CL .

    $default  reduce using rule 31 (term)


State 93

   23 func_decl: FUNCTION LABEL BRK_OP . BRK_CL BRK_C_OP statements BRK_C_CL
   24          | FUNCTION LABEL BRK_OP . label_list BRK_CL BRK_C_OP statements BRK_C_CL

    LABEL   shift, and go to state 94
    BRK_CL  shift, and go to state 129

    label_list  go to state 130


State 94

   21 label_list: LABEL .

    $default  reduce using rule 21 (label_list)


State 95

   40 term: DOLLA BRK_OP BRK_CL . BRK_C_OP statements BRK_C_CL
   43     | DOLLA BRK_OP BRK_CL . DDOTS statement

    BRK_C_OP  shift, and go to state 131
    DDOTS     shift, and go to state 132


State 96

   22 label_list: label_list . COMMA LABEL
   39 term: DOLLA BRK_OP label_list . BRK_CL BRK_C_OP statements BRK_C_CL
   42     | DOLLA BRK_OP label_list . BRK_CL DDOTS statement

    BRK_CL  shift, and go to state 133
    COMMA   shift, and go to state 134


State 97

    3 statements: statements . statement
   41 term: DOLLA BRK_C_OP statements . BRK_C_CL

    INT         shift, and go to state 4
    FLOAT       shift, and go to state 5
    STRING      shift, and go to state 6
    LABEL       shift, and go to state 7
    BRK_OP      shift, and go to state 8
    BRK_C_OP    shift, and go to state 9
    BRK_C_CL    shift, and go to state 135
    IMPORT      shift, and go to state 10
    CLASS       shift, and go to state 11
    WHILE       shift, and go to state 12
    IF          shift, and go to state 13
    PRINT       shift, and go to state 14
    BREAK       shift, and go to state 15
    CONTINUE    shift, and go to state 16
    RETURN      shift, and go to state 17
    BRK_S_OP    shift, and go to state 18
    FUNCTION    shift, and go to state 19
    DOLLA       shift, and go to state 20
    TRUE        shift, and go to state 21
    FALSE       shift, and go to state 22
    BREAKPOINT  shift, and go to state 23

    statement           go to state 24
    class_decl          go to state 25
    import              go to state 26
    func_decl           go to state 27
    term                go to state 28
    exp_multiplicative  go to state 29
    exp_additive        go to state 30
    exp_relational      go to state 31
    exp_logical         go to state 32
    exp                 go to state 33
    dict                go to state 34
    ifelse_statement    go to state 35
    if_statement        go to state 36
    while_statement     go to state 37


State 98

   44 term: DOLLA DDOTS statement .

    $default  reduce using rule 44 (term)


State 99

   33 term: term . BRK_OP BRK_CL
   34     | term . BRK_OP exp_list BRK_CL
   37     | term . DOT LABEL
   38     | term . BRK_S_OP exp BRK_S_CL
   45 exp_multiplicative: term MUL term .

    BRK_OP    shift, and go to state 62
    BRK_S_OP  shift, and go to state 63
    DOT       shift, and go to state 64

    $default  reduce using rule 45 (exp_multiplicative)


State 100

   33 term: term . BRK_OP BRK_CL
   34     | term . BRK_OP exp_list BRK_CL
   37     | term . DOT LABEL
   38     | term . BRK_S_OP exp BRK_S_CL
   46 exp_multiplicative: term DIV term .

    BRK_OP    shift, and go to state 62
    BRK_S_OP  shift, and go to state 63
    DOT       shift, and go to state 64

    $default  reduce using rule 46 (exp_multiplicative)


State 101

   33 term: term BRK_OP BRK_CL .

    $default  reduce using rule 33 (term)


State 102

   34 term: term BRK_OP exp_list . BRK_CL
   71 exp_list: exp_list . COMMA exp

    BRK_CL  shift, and go to state 136
    COMMA   shift, and go to state 91


State 103

   38 term: term BRK_S_OP exp . BRK_S_CL

    BRK_S_CL  shift, and go to state 137


State 104

   37 term: term DOT LABEL .

    $default  reduce using rule 37 (term)


State 105

   48 exp_additive: exp_multiplicative ADD exp_multiplicative .

    $default  reduce using rule 48 (exp_additive)


State 106

   49 exp_additive: exp_multiplicative SUB exp_multiplicative .

    $default  reduce using rule 49 (exp_additive)


State 107

   55 exp_relational: exp_additive EQL exp_additive .

    $default  reduce using rule 55 (exp_relational)


State 108

   56 exp_relational: exp_additive NQL exp_additive .

    $default  reduce using rule 56 (exp_relational)


State 109

   51 exp_relational: exp_additive LSS exp_additive .

    $default  reduce using rule 51 (exp_relational)


State 110

   52 exp_relational: exp_additive GRT exp_additive .

    $default  reduce using rule 52 (exp_relational)


State 111

   53 exp_relational: exp_additive LEQ exp_additive .

    $default  reduce using rule 53 (exp_relational)


State 112

   54 exp_relational: exp_additive GEQ exp_additive .

    $default  reduce using rule 54 (exp_relational)


State 113

   58 exp_logical: exp_relational AND exp_relational .

    $default  reduce using rule 58 (exp_logical)


State 114

   59 exp_logical: exp_relational OR exp_relational .

    $default  reduce using rule 59 (exp_logical)


State 115

   60 exp_logical: exp_relational XOR exp_relational .

    $default  reduce using rule 60 (exp_logical)


State 116

   62 exp: exp_logical ASSIGN exp_logical .

    $default  reduce using rule 62 (exp)


State 117

   72 ifelse_statement: if_statement ELSE BRK_C_OP . statements BRK_C_CL

    $default  reduce using rule 2 (statements)

    statements  go to state 138


State 118

   64 dict_inner: STRING DDOTS exp .

    $default  reduce using rule 64 (dict_inner)


State 119

   65 dict_inner: LABEL DDOTS exp .

    $default  reduce using rule 65 (dict_inner)


State 120

   66 dict_inner: dict_inner COMMA STRING . DDOTS exp

    DDOTS  shift, and go to state 139


State 121

   67 dict_inner: dict_inner COMMA LABEL . DDOTS exp

    DDOTS  shift, and go to state 140


State 122

   19 import: IMPORT STRING AS LABEL .
   20       | IMPORT STRING AS LABEL . FROM STRING

    FROM  shift, and go to state 141

    $default  reduce using rule 19 (import)


State 123

   16 class_decl_inner: class_decl_inner . func_decl
   17 class_decl: CLASS LABEL BRK_C_OP class_decl_inner . BRK_C_CL

    BRK_C_CL  shift, and go to state 142
    FUNCTION  shift, and go to state 19

    func_decl  go to state 143


State 124

    3 statements: statements . statement
   76 while_statement: WHILE exp BRK_C_OP statements . BRK_C_CL

    INT         shift, and go to state 4
    FLOAT       shift, and go to state 5
    STRING      shift, and go to state 6
    LABEL       shift, and go to state 7
    BRK_OP      shift, and go to state 8
    BRK_C_OP    shift, and go to state 9
    BRK_C_CL    shift, and go to state 144
    IMPORT      shift, and go to state 10
    CLASS       shift, and go to state 11
    WHILE       shift, and go to state 12
    IF          shift, and go to state 13
    PRINT       shift, and go to state 14
    BREAK       shift, and go to state 15
    CONTINUE    shift, and go to state 16
    RETURN      shift, and go to state 17
    BRK_S_OP    shift, and go to state 18
    FUNCTION    shift, and go to state 19
    DOLLA       shift, and go to state 20
    TRUE        shift, and go to state 21
    FALSE       shift, and go to state 22
    BREAKPOINT  shift, and go to state 23

    statement           go to state 24
    class_decl          go to state 25
    import              go to state 26
    func_decl           go to state 27
    term                go to state 28
    exp_multiplicative  go to state 29
    exp_additive        go to state 30
    exp_relational      go to state 31
    exp_logical         go to state 32
    exp                 go to state 33
    dict                go to state 34
    ifelse_statement    go to state 35
    if_statement        go to state 36
    while_statement     go to state 37


State 125

    3 statements: statements . statement
   74 if_statement: IF exp BRK_C_OP statements . BRK_C_CL

    INT         shift, and go to state 4
    FLOAT       shift, and go to state 5
    STRING      shift, and go to state 6
    LABEL       shift, and go to state 7
    BRK_OP      shift, and go to state 8
    BRK_C_OP    shift, and go to state 9
    BRK_C_CL    shift, and go to state 145
    IMPORT      shift, and go to state 10
    CLASS       shift, and go to state 11
    WHILE       shift, and go to state 12
    IF          shift, and go to state 13
    PRINT       shift, and go to state 14
    BREAK       shift, and go to state 15
    CONTINUE    shift, and go to state 16
    RETURN      shift, and go to state 17
    BRK_S_OP    shift, and go to state 18
    FUNCTION    shift, and go to state 19
    DOLLA       shift, and go to state 20
    TRUE        shift, and go to state 21
    FALSE       shift, and go to state 22
    BREAKPOINT  shift, and go to state 23

    statement           go to state 24
    class_decl          go to state 25
    import              go to state 26
    func_decl           go to state 27
    term                go to state 28
    exp_multiplicative  go to state 29
    exp_additive        go to state 30
    exp_relational      go to state 31
    exp_logical         go to state 32
    exp                 go to state 33
    dict                go to state 34
    ifelse_statement    go to state 35
    if_statement        go to state 36
    while_statement     go to state 37


State 126

   75 if_statement: IF exp DDOTS statement .

    $default  reduce using rule 75 (if_statement)


State 127

    5 statement: PRINT BRK_OP exp_list BRK_CL . SEMICOLON

    SEMICOLON  shift, and go to state 146


State 128

   71 exp_list: exp_list COMMA exp .

    $default  reduce using rule 71 (exp_list)


State 129

   23 func_decl: FUNCTION LABEL BRK_OP BRK_CL . BRK_C_OP statements BRK_C_CL

    BRK_C_OP  shift, and go to state 147


State 130

   22 label_list: label_list . COMMA LABEL
   24 func_decl: FUNCTION LABEL BRK_OP label_list . BRK_CL BRK_C_OP statements BRK_C_CL

    BRK_CL  shift, and go to state 148
    COMMA   shift, and go to state 134


State 131

   40 term: DOLLA BRK_OP BRK_CL BRK_C_OP . statements BRK_C_CL

    $default  reduce using rule 2 (statements)

    statements  go to state 149


State 132

   43 term: DOLLA BRK_OP BRK_CL DDOTS . statement

    INT         shift, and go to state 4
    FLOAT       shift, and go to state 5
    STRING      shift, and go to state 6
    LABEL       shift, and go to state 7
    BRK_OP      shift, and go to state 8
    BRK_C_OP    shift, and go to state 9
    IMPORT      shift, and go to state 10
    CLASS       shift, and go to state 11
    WHILE       shift, and go to state 12
    IF          shift, and go to state 13
    PRINT       shift, and go to state 14
    BREAK       shift, and go to state 15
    CONTINUE    shift, and go to state 16
    RETURN      shift, and go to state 17
    BRK_S_OP    shift, and go to state 18
    FUNCTION    shift, and go to state 19
    DOLLA       shift, and go to state 20
    TRUE        shift, and go to state 21
    FALSE       shift, and go to state 22
    BREAKPOINT  shift, and go to state 23

    statement           go to state 150
    class_decl          go to state 25
    import              go to state 26
    func_decl           go to state 27
    term                go to state 28
    exp_multiplicative  go to state 29
    exp_additive        go to state 30
    exp_relational      go to state 31
    exp_logical         go to state 32
    exp                 go to state 33
    dict                go to state 34
    ifelse_statement    go to state 35
    if_statement        go to state 36
    while_statement     go to state 37


State 133

   39 term: DOLLA BRK_OP label_list BRK_CL . BRK_C_OP statements BRK_C_CL
   42     | DOLLA BRK_OP label_list BRK_CL . DDOTS statement

    BRK_C_OP  shift, and go to state 151
    DDOTS     shift, and go to state 152


State 134

   22 label_list: label_list COMMA . LABEL

    LABEL  shift, and go to state 153


State 135

   41 term: DOLLA BRK_C_OP statements BRK_C_CL .

    $default  reduce using rule 41 (term)


State 136

   34 term: term BRK_OP exp_list BRK_CL .

    $default  reduce using rule 34 (term)


State 137

   38 term: term BRK_S_OP exp BRK_S_CL .

    $default  reduce using rule 38 (term)


State 138

    3 statements: statements . statement
   72 ifelse_statement: if_statement ELSE BRK_C_OP statements . BRK_C_CL

    INT         shift, and go to state 4
    FLOAT       shift, and go to state 5
    STRING      shift, and go to state 6
    LABEL       shift, and go to state 7
    BRK_OP      shift, and go to state 8
    BRK_C_OP    shift, and go to state 9
    BRK_C_CL    shift, and go to state 154
    IMPORT      shift, and go to state 10
    CLASS       shift, and go to state 11
    WHILE       shift, and go to state 12
    IF          shift, and go to state 13
    PRINT       shift, and go to state 14
    BREAK       shift, and go to state 15
    CONTINUE    shift, and go to state 16
    RETURN      shift, and go to state 17
    BRK_S_OP    shift, and go to state 18
    FUNCTION    shift, and go to state 19
    DOLLA       shift, and go to state 20
    TRUE        shift, and go to state 21
    FALSE       shift, and go to state 22
    BREAKPOINT  shift, and go to state 23

    statement           go to state 24
    class_decl          go to state 25
    import              go to state 26
    func_decl           go to state 27
    term                go to state 28
    exp_multiplicative  go to state 29
    exp_additive        go to state 30
    exp_relational      go to state 31
    exp_logical         go to state 32
    exp                 go to state 33
    dict                go to state 34
    ifelse_statement    go to state 35
    if_statement        go to state 36
    while_statement     go to state 37


State 139

   66 dict_inner: dict_inner COMMA STRING DDOTS . exp

    INT       shift, and go to state 4
    FLOAT     shift, and go to state 5
    STRING    shift, and go to state 6
    LABEL     shift, and go to state 7
    BRK_OP    shift, and go to state 8
    BRK_C_OP  shift, and go to state 9
    BRK_S_OP  shift, and go to state 18
    DOLLA     shift, and go to state 20
    TRUE      shift, and go to state 21
    FALSE     shift, and go to state 22

    term                go to state 28
    exp_multiplicative  go to state 29
    exp_additive        go to state 30
    exp_relational      go to state 31
    exp_logical         go to state 32
    exp                 go to state 155
    dict                go to state 34


State 140

   67 dict_inner: dict_inner COMMA LABEL DDOTS . exp

    INT       shift, and go to state 4
    FLOAT     shift, and go to state 5
    STRING    shift, and go to state 6
    LABEL     shift, and go to state 7
    BRK_OP    shift, and go to state 8
    BRK_C_OP  shift, and go to state 9
    BRK_S_OP  shift, and go to state 18
    DOLLA     shift, and go to state 20
    TRUE      shift, and go to state 21
    FALSE     shift, and go to state 22

    term                go to state 28
    exp_multiplicative  go to state 29
    exp_additive        go to state 30
    exp_relational      go to state 31
    exp_logical         go to state 32
    exp                 go to state 156
    dict                go to state 34


State 141

   20 import: IMPORT STRING AS LABEL FROM . STRING

    STRING  shift, and go to state 157


State 142

   17 class_decl: CLASS LABEL BRK_C_OP class_decl_inner BRK_C_CL .

    $default  reduce using rule 17 (class_decl)


State 143

   16 class_decl_inner: class_decl_inner func_decl .

    $default  reduce using rule 16 (class_decl_inner)


State 144

   76 while_statement: WHILE exp BRK_C_OP statements BRK_C_CL .

    $default  reduce using rule 76 (while_statement)


State 145

   74 if_statement: IF exp BRK_C_OP statements BRK_C_CL .

    $default  reduce using rule 74 (if_statement)


State 146

    5 statement: PRINT BRK_OP exp_list BRK_CL SEMICOLON .

    $default  reduce using rule 5 (statement)


State 147

   23 func_decl: FUNCTION LABEL BRK_OP BRK_CL BRK_C_OP . statements BRK_C_CL

    $default  reduce using rule 2 (statements)

    statements  go to state 158


State 148

   24 func_decl: FUNCTION LABEL BRK_OP label_list BRK_CL . BRK_C_OP statements BRK_C_CL

    BRK_C_OP  shift, and go to state 159


State 149

    3 statements: statements . statement
   40 term: DOLLA BRK_OP BRK_CL BRK_C_OP statements . BRK_C_CL

    INT         shift, and go to state 4
    FLOAT       shift, and go to state 5
    STRING      shift, and go to state 6
    LABEL       shift, and go to state 7
    BRK_OP      shift, and go to state 8
    BRK_C_OP    shift, and go to state 9
    BRK_C_CL    shift, and go to state 160
    IMPORT      shift, and go to state 10
    CLASS       shift, and go to state 11
    WHILE       shift, and go to state 12
    IF          shift, and go to state 13
    PRINT       shift, and go to state 14
    BREAK       shift, and go to state 15
    CONTINUE    shift, and go to state 16
    RETURN      shift, and go to state 17
    BRK_S_OP    shift, and go to state 18
    FUNCTION    shift, and go to state 19
    DOLLA       shift, and go to state 20
    TRUE        shift, and go to state 21
    FALSE       shift, and go to state 22
    BREAKPOINT  shift, and go to state 23

    statement           go to state 24
    class_decl          go to state 25
    import              go to state 26
    func_decl           go to state 27
    term                go to state 28
    exp_multiplicative  go to state 29
    exp_additive        go to state 30
    exp_relational      go to state 31
    exp_logical         go to state 32
    exp                 go to state 33
    dict                go to state 34
    ifelse_statement    go to state 35
    if_statement        go to state 36
    while_statement     go to state 37


State 150

   43 term: DOLLA BRK_OP BRK_CL DDOTS statement .

    $default  reduce using rule 43 (term)


State 151

   39 term: DOLLA BRK_OP label_list BRK_CL BRK_C_OP . statements BRK_C_CL

    $default  reduce using rule 2 (statements)

    statements  go to state 161


State 152

   42 term: DOLLA BRK_OP label_list BRK_CL DDOTS . statement

    INT         shift, and go to state 4
    FLOAT       shift, and go to state 5
    STRING      shift, and go to state 6
    LABEL       shift, and go to state 7
    BRK_OP      shift, and go to state 8
    BRK_C_OP    shift, and go to state 9
    IMPORT      shift, and go to state 10
    CLASS       shift, and go to state 11
    WHILE       shift, and go to state 12
    IF          shift, and go to state 13
    PRINT       shift, and go to state 14
    BREAK       shift, and go to state 15
    CONTINUE    shift, and go to state 16
    RETURN      shift, and go to state 17
    BRK_S_OP    shift, and go to state 18
    FUNCTION    shift, and go to state 19
    DOLLA       shift, and go to state 20
    TRUE        shift, and go to state 21
    FALSE       shift, and go to state 22
    BREAKPOINT  shift, and go to state 23

    statement           go to state 162
    class_decl          go to state 25
    import              go to state 26
    func_decl           go to state 27
    term                go to state 28
    exp_multiplicative  go to state 29
    exp_additive        go to state 30
    exp_relational      go to state 31
    exp_logical         go to state 32
    exp                 go to state 33
    dict                go to state 34
    ifelse_statement    go to state 35
    if_statement        go to state 36
    while_statement     go to state 37


State 153

   22 label_list: label_list COMMA LABEL .

    $default  reduce using rule 22 (label_list)


State 154

   72 ifelse_statement: if_statement ELSE BRK_C_OP statements BRK_C_CL .

    $default  reduce using rule 72 (ifelse_statement)


State 155

   66 dict_inner: dict_inner COMMA STRING DDOTS exp .

    $default  reduce using rule 66 (dict_inner)


State 156

   67 dict_inner: dict_inner COMMA LABEL DDOTS exp .

    $default  reduce using rule 67 (dict_inner)


State 157

   20 import: IMPORT STRING AS LABEL FROM STRING .

    $default  reduce using rule 20 (import)


State 158

    3 statements: statements . statement
   23 func_decl: FUNCTION LABEL BRK_OP BRK_CL BRK_C_OP statements . BRK_C_CL

    INT         shift, and go to state 4
    FLOAT       shift, and go to state 5
    STRING      shift, and go to state 6
    LABEL       shift, and go to state 7
    BRK_OP      shift, and go to state 8
    BRK_C_OP    shift, and go to state 9
    BRK_C_CL    shift, and go to state 163
    IMPORT      shift, and go to state 10
    CLASS       shift, and go to state 11
    WHILE       shift, and go to state 12
    IF          shift, and go to state 13
    PRINT       shift, and go to state 14
    BREAK       shift, and go to state 15
    CONTINUE    shift, and go to state 16
    RETURN      shift, and go to state 17
    BRK_S_OP    shift, and go to state 18
    FUNCTION    shift, and go to state 19
    DOLLA       shift, and go to state 20
    TRUE        shift, and go to state 21
    FALSE       shift, and go to state 22
    BREAKPOINT  shift, and go to state 23

    statement           go to state 24
    class_decl          go to state 25
    import              go to state 26
    func_decl           go to state 27
    term                go to state 28
    exp_multiplicative  go to state 29
    exp_additive        go to state 30
    exp_relational      go to state 31
    exp_logical         go to state 32
    exp                 go to state 33
    dict                go to state 34
    ifelse_statement    go to state 35
    if_statement        go to state 36
    while_statement     go to state 37


State 159

   24 func_decl: FUNCTION LABEL BRK_OP label_list BRK_CL BRK_C_OP . statements BRK_C_CL

    $default  reduce using rule 2 (statements)

    statements  go to state 164


State 160

   40 term: DOLLA BRK_OP BRK_CL BRK_C_OP statements BRK_C_CL .

    $default  reduce using rule 40 (term)


State 161

    3 statements: statements . statement
   39 term: DOLLA BRK_OP label_list BRK_CL BRK_C_OP statements . BRK_C_CL

    INT         shift, and go to state 4
    FLOAT       shift, and go to state 5
    STRING      shift, and go to state 6
    LABEL       shift, and go to state 7
    BRK_OP      shift, and go to state 8
    BRK_C_OP    shift, and go to state 9
    BRK_C_CL    shift, and go to state 165
    IMPORT      shift, and go to state 10
    CLASS       shift, and go to state 11
    WHILE       shift, and go to state 12
    IF          shift, and go to state 13
    PRINT       shift, and go to state 14
    BREAK       shift, and go to state 15
    CONTINUE    shift, and go to state 16
    RETURN      shift, and go to state 17
    BRK_S_OP    shift, and go to state 18
    FUNCTION    shift, and go to state 19
    DOLLA       shift, and go to state 20
    TRUE        shift, and go to state 21
    FALSE       shift, and go to state 22
    BREAKPOINT  shift, and go to state 23

    statement           go to state 24
    class_decl          go to state 25
    import              go to state 26
    func_decl           go to state 27
    term                go to state 28
    exp_multiplicative  go to state 29
    exp_additive        go to state 30
    exp_relational      go to state 31
    exp_logical         go to state 32
    exp                 go to state 33
    dict                go to state 34
    ifelse_statement    go to state 35
    if_statement        go to state 36
    while_statement     go to state 37


State 162

   42 term: DOLLA BRK_OP label_list BRK_CL DDOTS statement .

    $default  reduce using rule 42 (term)


State 163

   23 func_decl: FUNCTION LABEL BRK_OP BRK_CL BRK_C_OP statements BRK_C_CL .

    $default  reduce using rule 23 (func_decl)


State 164

    3 statements: statements . statement
   24 func_decl: FUNCTION LABEL BRK_OP label_list BRK_CL BRK_C_OP statements . BRK_C_CL

    INT         shift, and go to state 4
    FLOAT       shift, and go to state 5
    STRING      shift, and go to state 6
    LABEL       shift, and go to state 7
    BRK_OP      shift, and go to state 8
    BRK_C_OP    shift, and go to state 9
    BRK_C_CL    shift, and go to state 166
    IMPORT      shift, and go to state 10
    CLASS       shift, and go to state 11
    WHILE       shift, and go to state 12
    IF          shift, and go to state 13
    PRINT       shift, and go to state 14
    BREAK       shift, and go to state 15
    CONTINUE    shift, and go to state 16
    RETURN      shift, and go to state 17
    BRK_S_OP    shift, and go to state 18
    FUNCTION    shift, and go to state 19
    DOLLA       shift, and go to state 20
    TRUE        shift, and go to state 21
    FALSE       shift, and go to state 22
    BREAKPOINT  shift, and go to state 23

    statement           go to state 24
    class_decl          go to state 25
    import              go to state 26
    func_decl           go to state 27
    term                go to state 28
    exp_multiplicative  go to state 29
    exp_additive        go to state 30
    exp_relational      go to state 31
    exp_logical         go to state 32
    exp                 go to state 33
    dict                go to state 34
    ifelse_statement    go to state 35
    if_statement        go to state 36
    while_statement     go to state 37


State 165

   39 term: DOLLA BRK_OP label_list BRK_CL BRK_C_OP statements BRK_C_CL .

    $default  reduce using rule 39 (term)


State 166

   24 func_decl: FUNCTION LABEL BRK_OP label_list BRK_CL BRK_C_OP statements BRK_C_CL .

    $default  reduce using rule 24 (func_decl)
